[1.457s] Invoking command in '/home/meloncaully/lab2_ws/src/lab2_pkg': PYTHONPATH=/home/meloncaully/lab2_ws/build/lab2_pkg/prefix_override:/usr/lib/python3/dist-packages/colcon_core/task/python/colcon_distutils_commands:/home/meloncaully/lab2_ws/install/lab2_pkg/lib/python3.8/site-packages:${PYTHONPATH} /usr/bin/python3 -W ignore:setup.py install is deprecated setup.py egg_info --egg-base ../../build/lab2_pkg build --build-base /home/meloncaully/lab2_ws/build/lab2_pkg/build install --record /home/meloncaully/lab2_ws/build/lab2_pkg/install.log --install-scripts $base/lib/lab2_pkg --single-version-externally-managed install_data
[2.008s] running egg_info
[2.010s] writing ../../build/lab2_pkg/lab2_pkg.egg-info/PKG-INFO
[2.012s] writing dependency_links to ../../build/lab2_pkg/lab2_pkg.egg-info/dependency_links.txt
[2.013s] writing entry points to ../../build/lab2_pkg/lab2_pkg.egg-info/entry_points.txt
[2.013s] writing requirements to ../../build/lab2_pkg/lab2_pkg.egg-info/requires.txt
[2.013s] writing top-level names to ../../build/lab2_pkg/lab2_pkg.egg-info/top_level.txt
[2.089s] reading manifest file '../../build/lab2_pkg/lab2_pkg.egg-info/SOURCES.txt'
[2.091s] writing manifest file '../../build/lab2_pkg/lab2_pkg.egg-info/SOURCES.txt'
[2.091s] running build
[2.091s] running build_py
[2.093s] copying lab2_pkg/safety_node.py -> /home/meloncaully/lab2_ws/build/lab2_pkg/build/lib/lab2_pkg
[2.093s] running install
[2.094s] running install_lib
[2.095s] copying /home/meloncaully/lab2_ws/build/lab2_pkg/build/lib/lab2_pkg/safety_node.py -> /home/meloncaully/lab2_ws/install/lab2_pkg/lib/python3.8/site-packages/lab2_pkg
[2.097s] byte-compiling /home/meloncaully/lab2_ws/install/lab2_pkg/lib/python3.8/site-packages/lab2_pkg/safety_node.py to safety_node.cpython-38.pyc
[2.100s] running install_data
[2.101s] running install_egg_info
[2.104s] removing '/home/meloncaully/lab2_ws/install/lab2_pkg/lib/python3.8/site-packages/lab2_pkg-0.0.0-py3.8.egg-info' (and everything under it)
[2.105s] Copying ../../build/lab2_pkg/lab2_pkg.egg-info to /home/meloncaully/lab2_ws/install/lab2_pkg/lib/python3.8/site-packages/lab2_pkg-0.0.0-py3.8.egg-info
[2.107s] running install_scripts
[2.145s] Installing safety_node script to /home/meloncaully/lab2_ws/install/lab2_pkg/lib/lab2_pkg
[2.146s] writing list of installed files to '/home/meloncaully/lab2_ws/build/lab2_pkg/install.log'
[2.200s] Invoked command in '/home/meloncaully/lab2_ws/src/lab2_pkg' returned '0': PYTHONPATH=/home/meloncaully/lab2_ws/build/lab2_pkg/prefix_override:/usr/lib/python3/dist-packages/colcon_core/task/python/colcon_distutils_commands:/home/meloncaully/lab2_ws/install/lab2_pkg/lib/python3.8/site-packages:${PYTHONPATH} /usr/bin/python3 -W ignore:setup.py install is deprecated setup.py egg_info --egg-base ../../build/lab2_pkg build --build-base /home/meloncaully/lab2_ws/build/lab2_pkg/build install --record /home/meloncaully/lab2_ws/build/lab2_pkg/install.log --install-scripts $base/lib/lab2_pkg --single-version-externally-managed install_data
