[1.316s] Invoking command in '/home/meloncaully/lab2_ws/src/lab2_pkg': PYTHONPATH=/home/meloncaully/lab2_ws/build/lab2_pkg/prefix_override:/usr/lib/python3/dist-packages/colcon_core/task/python/colcon_distutils_commands:/home/meloncaully/lab2_ws/install/lab2_pkg/lib/python3.8/site-packages:${PYTHONPATH} /usr/bin/python3 -W ignore:setup.py install is deprecated setup.py egg_info --egg-base ../../build/lab2_pkg build --build-base /home/meloncaully/lab2_ws/build/lab2_pkg/build install --record /home/meloncaully/lab2_ws/build/lab2_pkg/install.log --install-scripts $base/lib/lab2_pkg --single-version-externally-managed install_data
[1.765s] running egg_info
[1.768s] writing ../../build/lab2_pkg/lab2_pkg.egg-info/PKG-INFO
[1.769s] writing dependency_links to ../../build/lab2_pkg/lab2_pkg.egg-info/dependency_links.txt
[1.770s] writing entry points to ../../build/lab2_pkg/lab2_pkg.egg-info/entry_points.txt
[1.771s] writing requirements to ../../build/lab2_pkg/lab2_pkg.egg-info/requires.txt
[1.772s] writing top-level names to ../../build/lab2_pkg/lab2_pkg.egg-info/top_level.txt
[1.850s] reading manifest file '../../build/lab2_pkg/lab2_pkg.egg-info/SOURCES.txt'
[1.852s] writing manifest file '../../build/lab2_pkg/lab2_pkg.egg-info/SOURCES.txt'
[1.853s] running build
[1.853s] running build_py
[1.855s] copying lab2_pkg/safety_node.py -> /home/meloncaully/lab2_ws/build/lab2_pkg/build/lib/lab2_pkg
[1.856s] running install
[1.858s] running install_lib
[1.860s] copying /home/meloncaully/lab2_ws/build/lab2_pkg/build/lib/lab2_pkg/safety_node.py -> /home/meloncaully/lab2_ws/install/lab2_pkg/lib/python3.8/site-packages/lab2_pkg
[1.863s] byte-compiling /home/meloncaully/lab2_ws/install/lab2_pkg/lib/python3.8/site-packages/lab2_pkg/safety_node.py to safety_node.cpython-38.pyc
[1.867s] running install_data
[1.868s] running install_egg_info
[1.873s] removing '/home/meloncaully/lab2_ws/install/lab2_pkg/lib/python3.8/site-packages/lab2_pkg-0.0.0-py3.8.egg-info' (and everything under it)
[1.876s] Copying ../../build/lab2_pkg/lab2_pkg.egg-info to /home/meloncaully/lab2_ws/install/lab2_pkg/lib/python3.8/site-packages/lab2_pkg-0.0.0-py3.8.egg-info
[1.881s] running install_scripts
[1.914s] Installing safety_node script to /home/meloncaully/lab2_ws/install/lab2_pkg/lib/lab2_pkg
[1.915s] writing list of installed files to '/home/meloncaully/lab2_ws/build/lab2_pkg/install.log'
[1.962s] Invoked command in '/home/meloncaully/lab2_ws/src/lab2_pkg' returned '0': PYTHONPATH=/home/meloncaully/lab2_ws/build/lab2_pkg/prefix_override:/usr/lib/python3/dist-packages/colcon_core/task/python/colcon_distutils_commands:/home/meloncaully/lab2_ws/install/lab2_pkg/lib/python3.8/site-packages:${PYTHONPATH} /usr/bin/python3 -W ignore:setup.py install is deprecated setup.py egg_info --egg-base ../../build/lab2_pkg build --build-base /home/meloncaully/lab2_ws/build/lab2_pkg/build install --record /home/meloncaully/lab2_ws/build/lab2_pkg/install.log --install-scripts $base/lib/lab2_pkg --single-version-externally-managed install_data
