[1.401s] Invoking command in '/home/meloncaully/lab2_ws/src/lab2_pkg': PYTHONPATH=/home/meloncaully/lab2_ws/build/lab2_pkg/prefix_override:/usr/lib/python3/dist-packages/colcon_core/task/python/colcon_distutils_commands:/home/meloncaully/lab2_ws/install/lab2_pkg/lib/python3.8/site-packages:${PYTHONPATH} /usr/bin/python3 -W ignore:setup.py install is deprecated setup.py egg_info --egg-base ../../build/lab2_pkg build --build-base /home/meloncaully/lab2_ws/build/lab2_pkg/build install --record /home/meloncaully/lab2_ws/build/lab2_pkg/install.log --install-scripts $base/lib/lab2_pkg --single-version-externally-managed install_data
[1.857s] running egg_info
[1.860s] writing ../../build/lab2_pkg/lab2_pkg.egg-info/PKG-INFO
[1.861s] writing dependency_links to ../../build/lab2_pkg/lab2_pkg.egg-info/dependency_links.txt
[1.863s] writing entry points to ../../build/lab2_pkg/lab2_pkg.egg-info/entry_points.txt
[1.864s] writing requirements to ../../build/lab2_pkg/lab2_pkg.egg-info/requires.txt
[1.865s] writing top-level names to ../../build/lab2_pkg/lab2_pkg.egg-info/top_level.txt
[1.943s] reading manifest file '../../build/lab2_pkg/lab2_pkg.egg-info/SOURCES.txt'
[1.946s] writing manifest file '../../build/lab2_pkg/lab2_pkg.egg-info/SOURCES.txt'
[1.947s] running build
[1.947s] running build_py
[1.949s] copying lab2_pkg/safety_node.py -> /home/meloncaully/lab2_ws/build/lab2_pkg/build/lib/lab2_pkg
[1.950s] running install
[1.951s] running install_lib
[1.954s] copying /home/meloncaully/lab2_ws/build/lab2_pkg/build/lib/lab2_pkg/safety_node.py -> /home/meloncaully/lab2_ws/install/lab2_pkg/lib/python3.8/site-packages/lab2_pkg
[1.955s] byte-compiling /home/meloncaully/lab2_ws/install/lab2_pkg/lib/python3.8/site-packages/lab2_pkg/safety_node.py to safety_node.cpython-38.pyc
[1.959s] running install_data
[1.959s] running install_egg_info
[1.962s] removing '/home/meloncaully/lab2_ws/install/lab2_pkg/lib/python3.8/site-packages/lab2_pkg-0.0.0-py3.8.egg-info' (and everything under it)
[1.963s] Copying ../../build/lab2_pkg/lab2_pkg.egg-info to /home/meloncaully/lab2_ws/install/lab2_pkg/lib/python3.8/site-packages/lab2_pkg-0.0.0-py3.8.egg-info
[1.967s] running install_scripts
[2.004s] Installing safety_node script to /home/meloncaully/lab2_ws/install/lab2_pkg/lib/lab2_pkg
[2.005s] writing list of installed files to '/home/meloncaully/lab2_ws/build/lab2_pkg/install.log'
[2.056s] Invoked command in '/home/meloncaully/lab2_ws/src/lab2_pkg' returned '0': PYTHONPATH=/home/meloncaully/lab2_ws/build/lab2_pkg/prefix_override:/usr/lib/python3/dist-packages/colcon_core/task/python/colcon_distutils_commands:/home/meloncaully/lab2_ws/install/lab2_pkg/lib/python3.8/site-packages:${PYTHONPATH} /usr/bin/python3 -W ignore:setup.py install is deprecated setup.py egg_info --egg-base ../../build/lab2_pkg build --build-base /home/meloncaully/lab2_ws/build/lab2_pkg/build install --record /home/meloncaully/lab2_ws/build/lab2_pkg/install.log --install-scripts $base/lib/lab2_pkg --single-version-externally-managed install_data
