[0.515s] DEBUG:colcon:Command line arguments: ['/usr/bin/colcon', 'build']
[0.516s] DEBUG:colcon:Parsed command line arguments: Namespace(allow_overriding=[], ament_cmake_args=None, base_paths=['.'], build_base='build', catkin_cmake_args=None, catkin_skip_building_tests=False, cmake_args=None, cmake_clean_cache=False, cmake_clean_first=False, cmake_force_configure=False, cmake_target=None, cmake_target_skip_unavailable=False, continue_on_error=False, event_handlers=None, executor='parallel', ignore_user_meta=False, install_base='install', log_base=None, log_level=None, main=<bound method BuildVerb.main of <colcon_core.verb.build.BuildVerb object at 0x7f2742d83610>>, merge_install=False, metas=['./colcon.meta'], mixin=None, mixin_files=None, mixin_verb=('build',), packages_above=None, packages_above_and_dependencies=None, packages_above_depth=None, packages_end=None, packages_ignore=None, packages_ignore_regex=None, packages_select=None, packages_select_build_failed=False, packages_select_by_dep=None, packages_select_regex=None, packages_select_test_failures=False, packages_skip=None, packages_skip_build_finished=False, packages_skip_by_dep=None, packages_skip_regex=None, packages_skip_test_passed=False, packages_skip_up_to=None, packages_start=None, packages_up_to=None, packages_up_to_regex=None, parallel_workers=2, paths=None, symlink_install=False, test_result_base=None, verb_extension=<colcon_core.verb.build.BuildVerb object at 0x7f2742d83610>, verb_name='build', verb_parser=<colcon_mixin.mixin.mixin_argument.MixinArgumentDecorator object at 0x7f2742cf98e0>)
[0.846s] Level 1:colcon.colcon_core.package_discovery:discover_packages(colcon_meta) check parameters
[0.847s] Level 1:colcon.colcon_core.package_discovery:discover_packages(recursive) check parameters
[0.847s] Level 1:colcon.colcon_core.package_discovery:discover_packages(ignore) check parameters
[0.847s] Level 1:colcon.colcon_core.package_discovery:discover_packages(path) check parameters
[0.847s] Level 1:colcon.colcon_core.package_discovery:discover_packages(colcon_meta) discover
[0.847s] Level 1:colcon.colcon_core.package_discovery:discover_packages(recursive) discover
[0.847s] INFO:colcon.colcon_core.package_discovery:Crawling recursively for packages in '/home/meloncaully/lab2_ws'
[0.847s] Level 1:colcon.colcon_core.package_identification:_identify(.) by extensions ['ignore', 'ignore_ament_install']
[0.848s] Level 1:colcon.colcon_core.package_identification:_identify(.) by extension 'ignore'
[0.848s] Level 1:colcon.colcon_core.package_identification:_identify(.) by extension 'ignore_ament_install'
[0.848s] Level 1:colcon.colcon_core.package_identification:_identify(.) by extensions ['colcon_pkg']
[0.848s] Level 1:colcon.colcon_core.package_identification:_identify(.) by extension 'colcon_pkg'
[0.848s] Level 1:colcon.colcon_core.package_identification:_identify(.) by extensions ['colcon_meta']
[0.848s] Level 1:colcon.colcon_core.package_identification:_identify(.) by extension 'colcon_meta'
[0.848s] Level 1:colcon.colcon_core.package_identification:_identify(.) by extensions ['ros']
[0.848s] Level 1:colcon.colcon_core.package_identification:_identify(.) by extension 'ros'
[0.875s] Level 1:colcon.colcon_core.package_identification:_identify(.) by extensions ['cmake', 'python']
[0.875s] Level 1:colcon.colcon_core.package_identification:_identify(.) by extension 'cmake'
[0.875s] Level 1:colcon.colcon_core.package_identification:_identify(.) by extension 'python'
[0.876s] Level 1:colcon.colcon_core.package_identification:_identify(.) by extensions ['python_setup_py']
[0.876s] Level 1:colcon.colcon_core.package_identification:_identify(.) by extension 'python_setup_py'
[0.876s] Level 1:colcon.colcon_core.package_identification:_identify(build) by extensions ['ignore', 'ignore_ament_install']
[0.876s] Level 1:colcon.colcon_core.package_identification:_identify(build) by extension 'ignore'
[0.876s] Level 1:colcon.colcon_core.package_identification:_identify(build) ignored
[0.877s] Level 1:colcon.colcon_core.package_identification:_identify(install) by extensions ['ignore', 'ignore_ament_install']
[0.877s] Level 1:colcon.colcon_core.package_identification:_identify(install) by extension 'ignore'
[0.877s] Level 1:colcon.colcon_core.package_identification:_identify(install) ignored
[0.877s] Level 1:colcon.colcon_core.package_identification:_identify(log) by extensions ['ignore', 'ignore_ament_install']
[0.877s] Level 1:colcon.colcon_core.package_identification:_identify(log) by extension 'ignore'
[0.878s] Level 1:colcon.colcon_core.package_identification:_identify(log) ignored
[0.878s] Level 1:colcon.colcon_core.package_identification:_identify(src) by extensions ['ignore', 'ignore_ament_install']
[0.878s] Level 1:colcon.colcon_core.package_identification:_identify(src) by extension 'ignore'
[0.878s] Level 1:colcon.colcon_core.package_identification:_identify(src) by extension 'ignore_ament_install'
[0.878s] Level 1:colcon.colcon_core.package_identification:_identify(src) by extensions ['colcon_pkg']
[0.878s] Level 1:colcon.colcon_core.package_identification:_identify(src) by extension 'colcon_pkg'
[0.878s] Level 1:colcon.colcon_core.package_identification:_identify(src) by extensions ['colcon_meta']
[0.878s] Level 1:colcon.colcon_core.package_identification:_identify(src) by extension 'colcon_meta'
[0.879s] Level 1:colcon.colcon_core.package_identification:_identify(src) by extensions ['ros']
[0.879s] Level 1:colcon.colcon_core.package_identification:_identify(src) by extension 'ros'
[0.879s] Level 1:colcon.colcon_core.package_identification:_identify(src) by extensions ['cmake', 'python']
[0.879s] Level 1:colcon.colcon_core.package_identification:_identify(src) by extension 'cmake'
[0.879s] Level 1:colcon.colcon_core.package_identification:_identify(src) by extension 'python'
[0.879s] Level 1:colcon.colcon_core.package_identification:_identify(src) by extensions ['python_setup_py']
[0.879s] Level 1:colcon.colcon_core.package_identification:_identify(src) by extension 'python_setup_py'
[0.879s] Level 1:colcon.colcon_core.package_identification:_identify(src/lab2_pkg) by extensions ['ignore', 'ignore_ament_install']
[0.880s] Level 1:colcon.colcon_core.package_identification:_identify(src/lab2_pkg) by extension 'ignore'
[0.880s] Level 1:colcon.colcon_core.package_identification:_identify(src/lab2_pkg) by extension 'ignore_ament_install'
[0.880s] Level 1:colcon.colcon_core.package_identification:_identify(src/lab2_pkg) by extensions ['colcon_pkg']
[0.880s] Level 1:colcon.colcon_core.package_identification:_identify(src/lab2_pkg) by extension 'colcon_pkg'
[0.880s] Level 1:colcon.colcon_core.package_identification:_identify(src/lab2_pkg) by extensions ['colcon_meta']
[0.880s] Level 1:colcon.colcon_core.package_identification:_identify(src/lab2_pkg) by extension 'colcon_meta'
[0.880s] Level 1:colcon.colcon_core.package_identification:_identify(src/lab2_pkg) by extensions ['ros']
[0.880s] Level 1:colcon.colcon_core.package_identification:_identify(src/lab2_pkg) by extension 'ros'
[0.917s] DEBUG:colcon.colcon_core.package_identification:Package 'src/lab2_pkg' with type 'ros.ament_python' and name 'lab2_pkg'
[0.917s] Level 1:colcon.colcon_core.package_discovery:discover_packages(recursive) using defaults
[0.917s] Level 1:colcon.colcon_core.package_discovery:discover_packages(ignore) discover
[0.917s] Level 1:colcon.colcon_core.package_discovery:discover_packages(ignore) using defaults
[0.917s] Level 1:colcon.colcon_core.package_discovery:discover_packages(path) discover
[0.917s] Level 1:colcon.colcon_core.package_discovery:discover_packages(path) using defaults
[0.951s] Level 1:colcon.colcon_core.package_discovery:discover_packages(prefix_path) check parameters
[0.951s] Level 1:colcon.colcon_core.package_discovery:discover_packages(prefix_path) discover
[0.954s] DEBUG:colcon.colcon_installed_package_information.package_discovery:Found 1 installed packages in /home/meloncaully/lab2_ws/install
[0.956s] DEBUG:colcon.colcon_installed_package_information.package_discovery:Found 265 installed packages in /opt/ros/foxy
[0.961s] Level 1:colcon.colcon_core.package_discovery:discover_packages(prefix_path) using defaults
[1.136s] Level 5:colcon.colcon_core.verb:set package 'lab2_pkg' build argument 'cmake_args' from command line to 'None'
[1.137s] Level 5:colcon.colcon_core.verb:set package 'lab2_pkg' build argument 'cmake_target' from command line to 'None'
[1.137s] Level 5:colcon.colcon_core.verb:set package 'lab2_pkg' build argument 'cmake_target_skip_unavailable' from command line to 'False'
[1.137s] Level 5:colcon.colcon_core.verb:set package 'lab2_pkg' build argument 'cmake_clean_cache' from command line to 'False'
[1.137s] Level 5:colcon.colcon_core.verb:set package 'lab2_pkg' build argument 'cmake_clean_first' from command line to 'False'
[1.137s] Level 5:colcon.colcon_core.verb:set package 'lab2_pkg' build argument 'cmake_force_configure' from command line to 'False'
[1.137s] Level 5:colcon.colcon_core.verb:set package 'lab2_pkg' build argument 'ament_cmake_args' from command line to 'None'
[1.137s] Level 5:colcon.colcon_core.verb:set package 'lab2_pkg' build argument 'catkin_cmake_args' from command line to 'None'
[1.137s] Level 5:colcon.colcon_core.verb:set package 'lab2_pkg' build argument 'catkin_skip_building_tests' from command line to 'False'
[1.137s] DEBUG:colcon.colcon_core.verb:Building package 'lab2_pkg' with the following arguments: {'ament_cmake_args': None, 'build_base': '/home/meloncaully/lab2_ws/build/lab2_pkg', 'catkin_cmake_args': None, 'catkin_skip_building_tests': False, 'cmake_args': None, 'cmake_clean_cache': False, 'cmake_clean_first': False, 'cmake_force_configure': False, 'cmake_target': None, 'cmake_target_skip_unavailable': False, 'install_base': '/home/meloncaully/lab2_ws/install/lab2_pkg', 'merge_install': False, 'path': '/home/meloncaully/lab2_ws/src/lab2_pkg', 'symlink_install': False, 'test_result_base': None}
[1.138s] INFO:colcon.colcon_core.executor:Executing jobs using 'parallel' executor
[1.140s] DEBUG:colcon.colcon_parallel_executor.executor.parallel:run_until_complete
[1.140s] INFO:colcon.colcon_ros.task.ament_python.build:Building ROS package in '/home/meloncaully/lab2_ws/src/lab2_pkg' with build type 'ament_python'
[1.140s] Level 1:colcon.colcon_core.shell:create_environment_hook('lab2_pkg', 'ament_prefix_path')
[1.148s] INFO:colcon.colcon_core.plugin_system:Skipping extension 'colcon_core.shell.bat': Not used on non-Windows systems
[1.149s] INFO:colcon.colcon_core.shell:Creating environment hook '/home/meloncaully/lab2_ws/install/lab2_pkg/share/lab2_pkg/hook/ament_prefix_path.ps1'
[1.151s] INFO:colcon.colcon_core.shell:Creating environment descriptor '/home/meloncaully/lab2_ws/install/lab2_pkg/share/lab2_pkg/hook/ament_prefix_path.dsv'
[1.154s] INFO:colcon.colcon_core.shell:Creating environment hook '/home/meloncaully/lab2_ws/install/lab2_pkg/share/lab2_pkg/hook/ament_prefix_path.sh'
[1.156s] INFO:colcon.colcon_core.shell:Skip shell extension 'powershell' for command environment: Not usable outside of PowerShell
[1.156s] DEBUG:colcon.colcon_core.shell:Skip shell extension 'dsv' for command environment
[1.709s] INFO:colcon.colcon_core.task.python.build:Building Python package in '/home/meloncaully/lab2_ws/src/lab2_pkg'
[1.710s] INFO:colcon.colcon_core.shell:Skip shell extension 'powershell' for command environment: Not usable outside of PowerShell
[1.711s] DEBUG:colcon.colcon_core.shell:Skip shell extension 'dsv' for command environment
[2.548s] DEBUG:colcon.colcon_core.event_handler.log_command:Invoking command in '/home/meloncaully/lab2_ws/src/lab2_pkg': PYTHONPATH=/home/meloncaully/lab2_ws/build/lab2_pkg/prefix_override:/usr/lib/python3/dist-packages/colcon_core/task/python/colcon_distutils_commands:/home/meloncaully/lab2_ws/install/lab2_pkg/lib/python3.8/site-packages:${PYTHONPATH} /usr/bin/python3 -W ignore:setup.py install is deprecated setup.py egg_info --egg-base ../../build/lab2_pkg build --build-base /home/meloncaully/lab2_ws/build/lab2_pkg/build install --record /home/meloncaully/lab2_ws/build/lab2_pkg/install.log --install-scripts $base/lib/lab2_pkg --single-version-externally-managed install_data
[3.204s] DEBUG:colcon.colcon_core.event_handler.log_command:Invoked command in '/home/meloncaully/lab2_ws/src/lab2_pkg' returned '0': PYTHONPATH=/home/meloncaully/lab2_ws/build/lab2_pkg/prefix_override:/usr/lib/python3/dist-packages/colcon_core/task/python/colcon_distutils_commands:/home/meloncaully/lab2_ws/install/lab2_pkg/lib/python3.8/site-packages:${PYTHONPATH} /usr/bin/python3 -W ignore:setup.py install is deprecated setup.py egg_info --egg-base ../../build/lab2_pkg build --build-base /home/meloncaully/lab2_ws/build/lab2_pkg/build install --record /home/meloncaully/lab2_ws/build/lab2_pkg/install.log --install-scripts $base/lib/lab2_pkg --single-version-externally-managed install_data
[3.208s] Level 1:colcon.colcon_core.environment:checking '/home/meloncaully/lab2_ws/install/lab2_pkg' for CMake module files
[3.209s] Level 1:colcon.colcon_core.environment:checking '/home/meloncaully/lab2_ws/install/lab2_pkg' for CMake config files
[3.211s] Level 1:colcon.colcon_core.environment:checking '/home/meloncaully/lab2_ws/install/lab2_pkg/lib'
[3.211s] Level 1:colcon.colcon_core.environment:checking '/home/meloncaully/lab2_ws/install/lab2_pkg/bin'
[3.211s] Level 1:colcon.colcon_core.environment:checking '/home/meloncaully/lab2_ws/install/lab2_pkg/lib/pkgconfig/lab2_pkg.pc'
[3.212s] Level 1:colcon.colcon_core.environment:checking '/home/meloncaully/lab2_ws/install/lab2_pkg/lib/python3.8/site-packages'
[3.212s] Level 1:colcon.colcon_core.shell:create_environment_hook('lab2_pkg', 'pythonpath')
[3.213s] INFO:colcon.colcon_core.shell:Creating environment hook '/home/meloncaully/lab2_ws/install/lab2_pkg/share/lab2_pkg/hook/pythonpath.ps1'
[3.214s] INFO:colcon.colcon_core.shell:Creating environment descriptor '/home/meloncaully/lab2_ws/install/lab2_pkg/share/lab2_pkg/hook/pythonpath.dsv'
[3.215s] INFO:colcon.colcon_core.shell:Creating environment hook '/home/meloncaully/lab2_ws/install/lab2_pkg/share/lab2_pkg/hook/pythonpath.sh'
[3.216s] Level 1:colcon.colcon_core.environment:checking '/home/meloncaully/lab2_ws/install/lab2_pkg/bin'
[3.216s] Level 1:colcon.colcon_core.environment:create_environment_scripts_only(lab2_pkg)
[3.217s] INFO:colcon.colcon_core.shell:Creating package script '/home/meloncaully/lab2_ws/install/lab2_pkg/share/lab2_pkg/package.ps1'
[3.225s] INFO:colcon.colcon_core.shell:Creating package descriptor '/home/meloncaully/lab2_ws/install/lab2_pkg/share/lab2_pkg/package.dsv'
[3.226s] INFO:colcon.colcon_core.shell:Creating package script '/home/meloncaully/lab2_ws/install/lab2_pkg/share/lab2_pkg/package.sh'
[3.228s] INFO:colcon.colcon_core.shell:Creating package script '/home/meloncaully/lab2_ws/install/lab2_pkg/share/lab2_pkg/package.bash'
[3.282s] INFO:colcon.colcon_core.shell:Creating package script '/home/meloncaully/lab2_ws/install/lab2_pkg/share/lab2_pkg/package.zsh'
[3.283s] Level 1:colcon.colcon_core.environment:create_file_with_runtime_dependencies(/home/meloncaully/lab2_ws/install/lab2_pkg/share/colcon-core/packages/lab2_pkg)
[3.285s] DEBUG:colcon.colcon_parallel_executor.executor.parallel:closing loop
[3.285s] DEBUG:colcon.colcon_parallel_executor.executor.parallel:loop closed
[3.285s] DEBUG:colcon.colcon_parallel_executor.executor.parallel:run_until_complete finished with '0'
[3.285s] DEBUG:colcon.colcon_core.event_reactor:joining thread
[3.356s] INFO:colcon.colcon_core.plugin_system:Skipping extension 'colcon_notification.desktop_notification.notify_send': Could not find 'notify-send'
[3.357s] INFO:colcon.colcon_core.plugin_system:Skipping extension 'colcon_notification.desktop_notification.terminal_notifier': Not used on non-Darwin systems
[3.357s] INFO:colcon.colcon_core.plugin_system:Skipping extension 'colcon_notification.desktop_notification.win32': Not used on non-Windows systems
[3.357s] INFO:colcon.colcon_notification.desktop_notification:Sending desktop notification using 'notify2'
[3.358s] DEBUG:colcon.colcon_notification.desktop_notification.notify2:Failed to initialize notify2: org.freedesktop.DBus.Error.FileNotFound: Failed to connect to socket /run/user/1000/bus: No such file or directory
[3.358s] DEBUG:colcon.colcon_core.event_reactor:joined thread
[3.359s] INFO:colcon.colcon_core.shell:Creating prefix script '/home/meloncaully/lab2_ws/install/local_setup.ps1'
[3.361s] INFO:colcon.colcon_core.shell:Creating prefix util module '/home/meloncaully/lab2_ws/install/_local_setup_util_ps1.py'
[3.364s] INFO:colcon.colcon_core.shell:Creating prefix chain script '/home/meloncaully/lab2_ws/install/setup.ps1'
[3.367s] INFO:colcon.colcon_core.shell:Creating prefix script '/home/meloncaully/lab2_ws/install/local_setup.sh'
[3.368s] INFO:colcon.colcon_core.shell:Creating prefix util module '/home/meloncaully/lab2_ws/install/_local_setup_util_sh.py'
[3.370s] INFO:colcon.colcon_core.shell:Creating prefix chain script '/home/meloncaully/lab2_ws/install/setup.sh'
[3.372s] INFO:colcon.colcon_core.shell:Creating prefix script '/home/meloncaully/lab2_ws/install/local_setup.bash'
[3.374s] INFO:colcon.colcon_core.shell:Creating prefix chain script '/home/meloncaully/lab2_ws/install/setup.bash'
[3.376s] INFO:colcon.colcon_core.shell:Creating prefix script '/home/meloncaully/lab2_ws/install/local_setup.zsh'
[3.377s] INFO:colcon.colcon_core.shell:Creating prefix chain script '/home/meloncaully/lab2_ws/install/setup.zsh'
